2026-04-17 14:20:15.369 | INFO    | 脚本启动 | 输出目录=D:\A_sch\reports\schedule | 日志目录=D:\A_sch\logs | verbose=False
2026-04-17 14:20:15.369 | INFO    | 阶段开始 | 阶段=1/6 | 名称=数据库读取
2026-04-17 14:20:15.409 | SUCCESS | 阶段完成 | 阶段=1/6 | 名称=数据库读取 | 阶段耗时=0.0m | 累计=0.0m | 说明=orders=25
2026-04-17 14:20:15.410 | INFO    | 阶段开始 | 阶段=2/6 | 名称=订单求解
2026-04-17 14:20:15.410 | INFO    | 订单开始 | 序号=1/25 | 订单=sales_order_013 | 优先级=20 | 数量=400 | 交期=06-02 00:00
2026-04-17 14:20:15.438 | INFO    | 订单完成 | 订单=sales_order_013 | 结果=planned | 延迟=0.0m | 任务=14 | 合并=7 | 耗时=0.0m
2026-04-17 14:20:15.438 | INFO    | 订单开始 | 序号=2/25 | 订单=sales_order_007 | 优先级=10 | 数量=800 | 交期=06-06 00:00
2026-04-17 14:20:20.794 | INFO    | 订单完成 | 订单=sales_order_007 | 结果=planned | 延迟=0.0m | 任务=80 | 合并=55 | 耗时=0.1m
2026-04-17 14:20:20.795 | INFO    | 订单开始 | 序号=3/25 | 订单=sales_order_008 | 优先级=20 | 数量=300 | 交期=06-05 00:00
2026-04-17 14:20:20.837 | INFO    | 订单完成 | 订单=sales_order_008 | 结果=planned | 延迟=0.0m | 任务=85 | 合并=0 | 耗时=0.0m
2026-04-17 14:20:20.838 | INFO    | 订单开始 | 序号=4/25 | 订单=sales_order_016 | 优先级=20 | 数量=400 | 交期=06-07 00:00
2026-04-17 14:20:21.027 | INFO    | 订单完成 | 订单=sales_order_016 | 结果=planned | 延迟=0.0m | 任务=106 | 合并=3 | 耗时=0.0m
2026-04-17 14:20:21.027 | INFO    | 订单开始 | 序号=5/25 | 订单=sales_order_001 | 优先级=20 | 数量=500 | 交期=06-11 00:00
2026-04-17 14:20:21.363 | INFO    | 订单完成 | 订单=sales_order_001 | 结果=planned | 延迟=0.0m | 任务=127 | 合并=32 | 耗时=0.0m
2026-04-17 14:20:21.363 | INFO    | 订单开始 | 序号=6/25 | 订单=sales_order_014 | 优先级=20 | 数量=400 | 交期=06-12 00:00
2026-04-17 14:20:21.397 | INFO    | 订单完成 | 订单=sales_order_014 | 结果=planned | 延迟=0.0m | 任务=137 | 合并=0 | 耗时=0.0m
2026-04-17 14:20:21.398 | INFO    | 订单开始 | 序号=7/25 | 订单=sales_order_012 | 优先级=30 | 数量=500 | 交期=06-11 00:00
2026-04-17 14:20:21.648 | INFO    | 订单完成 | 订单=sales_order_012 | 结果=planned | 延迟=0.0m | 任务=168 | 合并=23 | 耗时=0.0m
2026-04-17 14:20:21.649 | INFO    | 订单开始 | 序号=8/25 | 订单=sales_order_024 | 优先级=20 | 数量=300 | 交期=06-13 00:00
2026-04-17 14:20:21.698 | INFO    | 订单完成 | 订单=sales_order_024 | 结果=planned | 延迟=0.0m | 任务=188 | 合并=7 | 耗时=0.0m
2026-04-17 14:20:21.699 | INFO    | 订单开始 | 序号=9/25 | 订单=sales_order_017 | 优先级=20 | 数量=900 | 交期=06-15 00:00
2026-04-17 14:20:22.512 | INFO    | 订单完成 | 订单=sales_order_017 | 结果=planned | 延迟=0.0m | 任务=245 | 合并=68 | 耗时=0.0m
2026-04-17 14:20:22.512 | INFO    | 订单开始 | 序号=10/25 | 订单=sales_order_002 | 优先级=10 | 数量=600 | 交期=06-17 00:00
2026-04-17 14:20:22.701 | INFO    | 订单完成 | 订单=sales_order_002 | 结果=planned | 延迟=0.0m | 任务=283 | 合并=42 | 耗时=0.0m
2026-04-17 14:20:22.701 | INFO    | 订单开始 | 序号=11/25 | 订单=sales_order_010 | 优先级=20 | 数量=500 | 交期=06-16 00:00
2026-04-17 14:20:23.014 | INFO    | 订单完成 | 订单=sales_order_010 | 结果=planned | 延迟=0.0m | 任务=315 | 合并=26 | 耗时=0.0m
2026-04-17 14:20:23.014 | INFO    | 订单开始 | 序号=12/25 | 订单=sales_order_015 | 优先级=20 | 数量=500 | 交期=06-16 00:00
2026-04-17 14:20:23.372 | INFO    | 订单完成 | 订单=sales_order_015 | 结果=planned | 延迟=0.0m | 任务=361 | 合并=47 | 耗时=0.0m
2026-04-17 14:20:23.372 | INFO    | 订单开始 | 序号=13/25 | 订单=sales_order_021 | 优先级=10 | 数量=800 | 交期=06-19 00:00
2026-04-17 14:20:27.800 | INFO    | 订单完成 | 订单=sales_order_021 | 结果=planned | 延迟=0.0m | 任务=500 | 合并=226 | 耗时=0.1m
2026-04-17 14:20:27.800 | INFO    | 订单开始 | 序号=14/25 | 订单=sales_order_006 | 优先级=20 | 数量=900 | 交期=06-19 00:00
2026-04-17 14:20:28.260 | INFO    | 订单完成 | 订单=sales_order_006 | 结果=planned | 延迟=0.0m | 任务=543 | 合并=26 | 耗时=0.0m
2026-04-17 14:20:28.261 | INFO    | 订单开始 | 序号=15/25 | 订单=sales_order_025 | 优先级=20 | 数量=900 | 交期=06-19 00:00
2026-04-17 14:20:30.859 | INFO    | 订单完成 | 订单=sales_order_025 | 结果=planned | 延迟=0.0m | 任务=608 | 合并=107 | 耗时=0.0m
2026-04-17 14:20:30.859 | INFO    | 订单开始 | 序号=16/25 | 订单=sales_order_011 | 优先级=20 | 数量=600 | 交期=06-22 00:00
2026-04-17 14:20:31.607 | INFO    | 订单完成 | 订单=sales_order_011 | 结果=planned | 延迟=0.0m | 任务=640 | 合并=45 | 耗时=0.0m
2026-04-17 14:20:31.607 | INFO    | 订单开始 | 序号=17/25 | 订单=sales_order_020 | 优先级=10 | 数量=700 | 交期=06-26 00:00
2026-04-17 14:20:31.806 | INFO    | 订单完成 | 订单=sales_order_020 | 结果=planned | 延迟=0.0m | 任务=677 | 合并=25 | 耗时=0.0m
2026-04-17 14:20:31.806 | INFO    | 订单开始 | 序号=18/25 | 订单=sales_order_009 | 优先级=20 | 数量=900 | 交期=06-25 00:00
2026-04-17 14:20:32.747 | INFO    | 订单完成 | 订单=sales_order_009 | 结果=planned | 延迟=0.0m | 任务=723 | 合并=28 | 耗时=0.0m
2026-04-17 14:20:32.747 | INFO    | 订单开始 | 序号=19/25 | 订单=sales_order_018 | 优先级=10 | 数量=700 | 交期=06-27 00:00
2026-04-17 14:20:44.637 | INFO    | 订单完成 | 订单=sales_order_018 | 结果=planned | 延迟=0.0m | 任务=854 | 合并=183 | 耗时=0.2m
2026-04-17 14:20:44.637 | INFO    | 订单开始 | 序号=20/25 | 订单=sales_order_023 | 优先级=10 | 数量=600 | 交期=07-07 00:00
2026-04-17 14:20:45.300 | INFO    | 订单完成 | 订单=sales_order_023 | 结果=planned | 延迟=0.0m | 任务=889 | 合并=44 | 耗时=0.0m
2026-04-17 14:20:45.300 | INFO    | 订单开始 | 序号=21/25 | 订单=sales_order_022 | 优先级=20 | 数量=500 | 交期=07-04 00:00
2026-04-17 14:20:45.657 | INFO    | 订单完成 | 订单=sales_order_022 | 结果=planned | 延迟=0.0m | 任务=939 | 合并=32 | 耗时=0.0m
2026-04-17 14:20:45.657 | INFO    | 订单开始 | 序号=22/25 | 订单=sales_order_004 | 优先级=30 | 数量=800 | 交期=07-03 00:00
2026-04-17 14:20:47.671 | INFO    | 订单完成 | 订单=sales_order_004 | 结果=planned | 延迟=0.0m | 任务=996 | 合并=59 | 耗时=0.0m
2026-04-17 14:20:47.672 | INFO    | 订单开始 | 序号=23/25 | 订单=sales_order_005 | 优先级=10 | 数量=900 | 交期=07-09 00:00
2026-04-17 14:20:56.319 | INFO    | 订单完成 | 订单=sales_order_005 | 结果=planned | 延迟=0.0m | 任务=1102 | 合并=120 | 耗时=0.1m
2026-04-17 14:20:56.320 | INFO    | 订单开始 | 序号=24/25 | 订单=sales_order_003 | 优先级=20 | 数量=700 | 交期=07-12 00:00
2026-04-17 14:21:07.462 | INFO    | 订单完成 | 订单=sales_order_003 | 结果=planned | 延迟=0.0m | 任务=1167 | 合并=151 | 耗时=0.2m
2026-04-17 14:21:07.462 | INFO    | 订单开始 | 序号=25/25 | 订单=sales_order_019 | 优先级=30 | 数量=500 | 交期=07-15 00:00
2026-04-17 14:21:07.619 | INFO    | 订单完成 | 订单=sales_order_019 | 结果=planned | 延迟=0.0m | 任务=1186 | 合并=24 | 耗时=0.0m
2026-04-17 14:21:07.620 | SUCCESS | 阶段完成 | 阶段=2/6 | 名称=订单求解 | 阶段耗时=0.9m | 累计=0.9m | 说明=outcomes=25 tasks=1186
2026-04-17 14:21:07.620 | INFO    | 阶段开始 | 阶段=3/6 | 名称=准备输出目录 | 说明=清理旧结果
2026-04-17 14:21:07.620 | SUCCESS | 阶段完成 | 阶段=3/6 | 名称=准备输出目录 | 阶段耗时=0.0m | 累计=0.9m
2026-04-17 14:21:07.621 | INFO    | 阶段开始 | 阶段=4/6 | 名称=后处理与执行块
2026-04-17 14:21:07.718 | SUCCESS | 阶段完成 | 阶段=4/6 | 名称=后处理与执行块 | 阶段耗时=0.0m | 累计=0.9m | 说明=merged_rows=1380 execution_blocks=753
2026-04-17 14:21:07.719 | INFO    | 阶段开始 | 阶段=5/6 | 名称=回写数据库 | 说明=同步 schedule_tasks
2026-04-17 14:21:07.821 | SUCCESS | 阶段完成 | 阶段=5/6 | 名称=回写数据库 | 阶段耗时=0.0m | 累计=0.9m | 说明=rows=1186
2026-04-17 14:21:07.821 | INFO    | 阶段开始 | 阶段=6/6 | 名称=生成HTML
2026-04-17 14:21:07.821 | SUCCESS | 数据库同步完成 | rows=1186
2026-04-17 14:21:07.821 | INFO    | 执行块整理 | merged_rows=1380 | execution_blocks=753
2026-04-17 14:21:08.162 | SUCCESS | 阶段完成 | 阶段=6/6 | 名称=生成HTML | 阶段耗时=0.0m | 累计=0.9m
2026-04-17 14:21:08.163 | SUCCESS | 排产完成 | 输出目录=D:\A_sch\reports\schedule | 订单=25 | 任务=1186
2026-04-17 14:21:08.163 | SUCCESS | 结果汇总 | 问题=0 | 评分=85.57 | 采购=29 | 失败=0
