2026-04-13 10:08:28.394 | INFO    | 脚本启动 | 输出目录=D:\A_sch\reports\schedule | 日志目录=D:\A_sch\logs | verbose=False
2026-04-13 10:08:28.394 | INFO    | 阶段开始 | 阶段=1/6 | 名称=数据库读取
2026-04-13 10:08:28.431 | SUCCESS | 阶段完成 | 阶段=1/6 | 名称=数据库读取 | 阶段耗时=0.0m | 累计=0.0m | 说明=orders=30
2026-04-13 10:08:28.432 | INFO    | 阶段开始 | 阶段=2/6 | 名称=订单求解
2026-04-13 10:08:28.432 | INFO    | 订单开始 | 序号=1/30 | 订单=sales_order_026 | 优先级=10 | 数量=600 | 交期=06-03 00:00
2026-04-13 10:08:28.571 | INFO    | 订单完成 | 订单=sales_order_026 | 结果=planned | 延迟=0.0m | 任务=43 | 合并=45 | 耗时=0.0m
2026-04-13 10:08:28.572 | INFO    | 订单开始 | 序号=2/30 | 订单=sales_order_013 | 优先级=20 | 数量=300 | 交期=06-02 00:00
2026-04-13 10:08:28.651 | INFO    | 订单完成 | 订单=sales_order_013 | 结果=planned | 延迟=0.0m | 任务=68 | 合并=39 | 耗时=0.0m
2026-04-13 10:08:28.652 | INFO    | 订单开始 | 序号=3/30 | 订单=sales_order_007 | 优先级=10 | 数量=300 | 交期=06-06 00:00
2026-04-13 10:08:28.785 | INFO    | 订单完成 | 订单=sales_order_007 | 结果=planned | 延迟=0.0m | 任务=109 | 合并=46 | 耗时=0.0m
2026-04-13 10:08:28.785 | INFO    | 订单开始 | 序号=4/30 | 订单=sales_order_008 | 优先级=20 | 数量=300 | 交期=06-05 00:00
2026-04-13 10:08:28.885 | INFO    | 订单完成 | 订单=sales_order_008 | 结果=planned | 延迟=0.0m | 任务=150 | 合并=41 | 耗时=0.0m
2026-04-13 10:08:28.885 | INFO    | 订单开始 | 序号=5/30 | 订单=sales_order_016 | 优先级=20 | 数量=300 | 交期=06-07 00:00
2026-04-13 10:08:29.159 | INFO    | 订单完成 | 订单=sales_order_016 | 结果=planned | 延迟=0.0m | 任务=191 | 合并=41 | 耗时=0.0m
2026-04-13 10:08:29.159 | INFO    | 订单开始 | 序号=6/30 | 订单=sales_order_027 | 优先级=20 | 数量=300 | 交期=06-07 00:00
2026-04-13 10:08:29.325 | INFO    | 订单完成 | 订单=sales_order_027 | 结果=planned | 延迟=0.0m | 任务=221 | 合并=59 | 耗时=0.0m
2026-04-13 10:08:29.326 | INFO    | 订单开始 | 序号=7/30 | 订单=sales_order_001 | 优先级=20 | 数量=300 | 交期=06-11 00:00
2026-04-13 10:08:29.489 | INFO    | 订单完成 | 订单=sales_order_001 | 结果=planned | 延迟=0.0m | 任务=252 | 合并=56 | 耗时=0.0m
2026-04-13 10:08:29.489 | INFO    | 订单开始 | 序号=8/30 | 订单=sales_order_014 | 优先级=20 | 数量=300 | 交期=06-12 00:00
2026-04-13 10:08:29.517 | INFO    | 订单完成 | 订单=sales_order_014 | 结果=planned | 延迟=0.0m | 任务=275 | 合并=22 | 耗时=0.0m
2026-04-13 10:08:29.517 | INFO    | 订单开始 | 序号=9/30 | 订单=sales_order_012 | 优先级=30 | 数量=300 | 交期=06-11 00:00
2026-04-13 10:08:29.905 | INFO    | 订单完成 | 订单=sales_order_012 | 结果=planned | 延迟=0.0m | 任务=334 | 合并=80 | 耗时=0.0m
2026-04-13 10:08:29.905 | INFO    | 订单开始 | 序号=10/30 | 订单=sales_order_024 | 优先级=20 | 数量=300 | 交期=06-13 00:00
2026-04-13 10:08:29.979 | INFO    | 订单完成 | 订单=sales_order_024 | 结果=planned | 延迟=0.0m | 任务=357 | 合并=22 | 耗时=0.0m
2026-04-13 10:08:29.979 | INFO    | 订单开始 | 序号=11/30 | 订单=sales_order_017 | 优先级=20 | 数量=600 | 交期=06-15 00:00
2026-04-13 10:08:30.238 | INFO    | 订单完成 | 订单=sales_order_017 | 结果=planned | 延迟=0.0m | 任务=400 | 合并=45 | 耗时=0.0m
2026-04-13 10:08:30.238 | INFO    | 订单开始 | 序号=12/30 | 订单=sales_order_002 | 优先级=10 | 数量=600 | 交期=06-17 00:00
2026-04-13 10:08:31.044 | INFO    | 订单完成 | 订单=sales_order_002 | 结果=planned | 延迟=0.0m | 任务=508 | 合并=165 | 耗时=0.0m
2026-04-13 10:08:31.045 | INFO    | 订单开始 | 序号=13/30 | 订单=sales_order_010 | 优先级=20 | 数量=300 | 交期=06-16 00:00
2026-04-13 10:08:31.500 | INFO    | 订单完成 | 订单=sales_order_010 | 结果=planned | 延迟=0.0m | 任务=561 | 合并=79 | 耗时=0.0m
2026-04-13 10:08:31.500 | INFO    | 订单开始 | 序号=14/30 | 订单=sales_order_015 | 优先级=20 | 数量=300 | 交期=06-16 00:00
2026-04-13 10:08:32.299 | INFO    | 订单完成 | 订单=sales_order_015 | 结果=planned | 延迟=0.0m | 任务=620 | 合并=79 | 耗时=0.0m
2026-04-13 10:08:32.299 | INFO    | 订单开始 | 序号=15/30 | 订单=sales_order_021 | 优先级=10 | 数量=300 | 交期=06-19 00:00
2026-04-13 10:08:33.303 | INFO    | 订单完成 | 订单=sales_order_021 | 结果=planned | 延迟=0.0m | 任务=675 | 合并=83 | 耗时=0.0m
2026-04-13 10:08:33.304 | INFO    | 订单开始 | 序号=16/30 | 订单=sales_order_006 | 优先级=20 | 数量=300 | 交期=06-19 00:00
2026-04-13 10:08:33.356 | INFO    | 订单完成 | 订单=sales_order_006 | 结果=planned | 延迟=0.0m | 任务=697 | 合并=20 | 耗时=0.0m
2026-04-13 10:08:33.356 | INFO    | 订单开始 | 序号=17/30 | 订单=sales_order_025 | 优先级=20 | 数量=600 | 交期=06-19 00:00
2026-04-13 10:08:33.750 | INFO    | 订单完成 | 订单=sales_order_025 | 结果=planned | 延迟=0.0m | 任务=746 | 合并=75 | 耗时=0.0m
2026-04-13 10:08:33.750 | INFO    | 订单开始 | 序号=18/30 | 订单=sales_order_011 | 优先级=20 | 数量=300 | 交期=06-22 00:00
2026-04-13 10:08:34.054 | INFO    | 订单完成 | 订单=sales_order_011 | 结果=planned | 延迟=0.0m | 任务=777 | 合并=66 | 耗时=0.0m
2026-04-13 10:08:34.054 | INFO    | 订单开始 | 序号=19/30 | 订单=sales_order_020 | 优先级=10 | 数量=300 | 交期=06-26 00:00
2026-04-13 10:08:34.118 | INFO    | 订单完成 | 订单=sales_order_020 | 结果=planned | 延迟=0.0m | 任务=800 | 合并=27 | 耗时=0.0m
2026-04-13 10:08:34.119 | INFO    | 订单开始 | 序号=20/30 | 订单=sales_order_009 | 优先级=20 | 数量=300 | 交期=06-25 00:00
2026-04-13 10:08:34.179 | INFO    | 订单完成 | 订单=sales_order_009 | 结果=planned | 延迟=0.0m | 任务=823 | 合并=22 | 耗时=0.0m
2026-04-13 10:08:34.179 | INFO    | 订单开始 | 序号=21/30 | 订单=sales_order_018 | 优先级=10 | 数量=600 | 交期=06-27 00:00
2026-04-13 10:08:39.487 | INFO    | 订单完成 | 订单=sales_order_018 | 结果=planned | 延迟=0.0m | 任务=930 | 合并=166 | 耗时=0.1m
2026-04-13 10:08:39.487 | INFO    | 订单开始 | 序号=22/30 | 订单=sales_order_029 | 优先级=20 | 数量=900 | 交期=07-01 00:00
2026-04-13 10:08:40.531 | INFO    | 订单完成 | 订单=sales_order_029 | 结果=planned | 延迟=0.0m | 任务=989 | 合并=66 | 耗时=0.0m
2026-04-13 10:08:40.532 | INFO    | 订单开始 | 序号=23/30 | 订单=sales_order_030 | 优先级=10 | 数量=600 | 交期=07-04 00:00
2026-04-13 10:08:41.761 | INFO    | 订单完成 | 订单=sales_order_030 | 结果=planned | 延迟=0.0m | 任务=1046 | 合并=109 | 耗时=0.0m
2026-04-13 10:08:41.761 | INFO    | 订单开始 | 序号=24/30 | 订单=sales_order_023 | 优先级=10 | 数量=900 | 交期=07-07 00:00
2026-04-13 10:08:46.758 | INFO    | 订单完成 | 订单=sales_order_023 | 结果=planned | 延迟=0.0m | 任务=1124 | 合并=162 | 耗时=0.1m
2026-04-13 10:08:46.758 | INFO    | 订单开始 | 序号=25/30 | 订单=sales_order_022 | 优先级=20 | 数量=600 | 交期=07-04 00:00
2026-04-13 10:08:49.762 | INFO    | 订单完成 | 订单=sales_order_022 | 结果=planned | 延迟=0.0m | 任务=1201 | 合并=85 | 耗时=0.1m
2026-04-13 10:08:49.762 | INFO    | 订单开始 | 序号=26/30 | 订单=sales_order_005 | 优先级=10 | 数量=300 | 交期=07-09 00:00
2026-04-13 10:08:50.011 | INFO    | 订单完成 | 订单=sales_order_005 | 结果=planned | 延迟=0.0m | 任务=1242 | 合并=41 | 耗时=0.0m
2026-04-13 10:08:50.011 | INFO    | 订单开始 | 序号=27/30 | 订单=sales_order_004 | 优先级=30 | 数量=600 | 交期=07-03 00:00
2026-04-13 10:08:51.032 | INFO    | 订单完成 | 订单=sales_order_004 | 结果=planned | 延迟=0.0m | 任务=1285 | 合并=45 | 耗时=0.0m
2026-04-13 10:08:51.032 | INFO    | 订单开始 | 序号=28/30 | 订单=sales_order_003 | 优先级=20 | 数量=900 | 交期=07-12 00:00
2026-04-13 10:09:09.836 | INFO    | 订单完成 | 订单=sales_order_003 | 结果=planned | 延迟=0.0m | 任务=1369 | 合并=198 | 耗时=0.3m
2026-04-13 10:09:09.836 | INFO    | 订单开始 | 序号=29/30 | 订单=sales_order_028 | 优先级=20 | 数量=600 | 交期=07-15 00:00
2026-04-13 10:09:12.531 | INFO    | 订单完成 | 订单=sales_order_028 | 结果=planned | 延迟=0.0m | 任务=1416 | 合并=41 | 耗时=0.0m
2026-04-13 10:09:12.532 | INFO    | 订单开始 | 序号=30/30 | 订单=sales_order_019 | 优先级=30 | 数量=600 | 交期=07-15 00:00
2026-04-13 10:09:24.065 | INFO    | 订单完成 | 订单=sales_order_019 | 结果=planned | 延迟=0.0m | 任务=1477 | 合并=108 | 耗时=0.2m
2026-04-13 10:09:24.065 | SUCCESS | 阶段完成 | 阶段=2/6 | 名称=订单求解 | 阶段耗时=0.9m | 累计=0.9m | 说明=outcomes=30 tasks=1477
2026-04-13 10:09:24.065 | INFO    | 阶段开始 | 阶段=3/6 | 名称=准备输出目录 | 说明=清理旧结果
2026-04-13 10:09:24.066 | SUCCESS | 阶段完成 | 阶段=3/6 | 名称=准备输出目录 | 阶段耗时=0.0m | 累计=0.9m
2026-04-13 10:09:24.068 | INFO    | 阶段开始 | 阶段=4/6 | 名称=后处理与执行块
2026-04-13 10:09:24.268 | SUCCESS | 阶段完成 | 阶段=4/6 | 名称=后处理与执行块 | 阶段耗时=0.0m | 累计=0.9m | 说明=merged_rows=2133 execution_blocks=951
2026-04-13 10:09:24.269 | INFO    | 阶段开始 | 阶段=5/6 | 名称=回写数据库 | 说明=同步 schedule_tasks
2026-04-13 10:09:24.454 | SUCCESS | 阶段完成 | 阶段=5/6 | 名称=回写数据库 | 阶段耗时=0.0m | 累计=0.9m | 说明=rows=1477
2026-04-13 10:09:24.454 | INFO    | 阶段开始 | 阶段=6/6 | 名称=生成HTML
2026-04-13 10:09:24.454 | SUCCESS | 数据库同步完成 | rows=1477
2026-04-13 10:09:24.455 | INFO    | 执行块整理 | merged_rows=2133 | execution_blocks=951
2026-04-13 10:09:25.005 | SUCCESS | 阶段完成 | 阶段=6/6 | 名称=生成HTML | 阶段耗时=0.0m | 累计=0.9m
2026-04-13 10:09:25.005 | SUCCESS | 排产完成 | 输出目录=D:\A_sch\reports\schedule | 订单=30 | 任务=1477
2026-04-13 10:09:25.005 | SUCCESS | 结果汇总 | 问题=0 | 评分=85.80 | 采购=28 | 失败=0
2026-04-13 10:13:56.106 | INFO    | 脚本启动 | 输出目录=D:\A_sch\reports\schedule | 日志目录=D:\A_sch\logs | verbose=False
2026-04-13 10:13:56.106 | INFO    | 阶段开始 | 阶段=1/6 | 名称=数据库读取
2026-04-13 10:13:56.139 | SUCCESS | 阶段完成 | 阶段=1/6 | 名称=数据库读取 | 阶段耗时=0.0m | 累计=0.0m | 说明=orders=30
2026-04-13 10:13:56.139 | INFO    | 阶段开始 | 阶段=2/6 | 名称=订单求解
2026-04-13 10:13:56.139 | INFO    | 订单开始 | 序号=1/30 | 订单=sales_order_026 | 优先级=10 | 数量=600 | 交期=06-03 00:00
2026-04-13 10:13:56.294 | INFO    | 订单完成 | 订单=sales_order_026 | 结果=planned | 延迟=0.0m | 任务=43 | 合并=45 | 耗时=0.0m
2026-04-13 10:13:56.294 | INFO    | 订单开始 | 序号=2/30 | 订单=sales_order_013 | 优先级=20 | 数量=300 | 交期=06-02 00:00
2026-04-13 10:13:56.366 | INFO    | 订单完成 | 订单=sales_order_013 | 结果=planned | 延迟=0.0m | 任务=68 | 合并=39 | 耗时=0.0m
2026-04-13 10:13:56.367 | INFO    | 订单开始 | 序号=3/30 | 订单=sales_order_007 | 优先级=10 | 数量=300 | 交期=06-06 00:00
2026-04-13 10:13:56.481 | INFO    | 订单完成 | 订单=sales_order_007 | 结果=planned | 延迟=0.0m | 任务=109 | 合并=46 | 耗时=0.0m
2026-04-13 10:13:56.481 | INFO    | 订单开始 | 序号=4/30 | 订单=sales_order_008 | 优先级=20 | 数量=300 | 交期=06-05 00:00
2026-04-13 10:13:56.588 | INFO    | 订单完成 | 订单=sales_order_008 | 结果=planned | 延迟=0.0m | 任务=150 | 合并=41 | 耗时=0.0m
2026-04-13 10:13:56.588 | INFO    | 订单开始 | 序号=5/30 | 订单=sales_order_016 | 优先级=20 | 数量=300 | 交期=06-07 00:00
2026-04-13 10:13:56.873 | INFO    | 订单完成 | 订单=sales_order_016 | 结果=planned | 延迟=0.0m | 任务=191 | 合并=41 | 耗时=0.0m
2026-04-13 10:13:56.875 | INFO    | 订单开始 | 序号=6/30 | 订单=sales_order_027 | 优先级=20 | 数量=300 | 交期=06-07 00:00
2026-04-13 10:13:57.005 | INFO    | 订单完成 | 订单=sales_order_027 | 结果=planned | 延迟=0.0m | 任务=221 | 合并=59 | 耗时=0.0m
2026-04-13 10:13:57.005 | INFO    | 订单开始 | 序号=7/30 | 订单=sales_order_001 | 优先级=20 | 数量=300 | 交期=06-11 00:00
2026-04-13 10:13:57.130 | INFO    | 订单完成 | 订单=sales_order_001 | 结果=planned | 延迟=0.0m | 任务=252 | 合并=56 | 耗时=0.0m
2026-04-13 10:13:57.130 | INFO    | 订单开始 | 序号=8/30 | 订单=sales_order_014 | 优先级=20 | 数量=300 | 交期=06-12 00:00
2026-04-13 10:13:57.161 | INFO    | 订单完成 | 订单=sales_order_014 | 结果=planned | 延迟=0.0m | 任务=275 | 合并=22 | 耗时=0.0m
2026-04-13 10:13:57.161 | INFO    | 订单开始 | 序号=9/30 | 订单=sales_order_012 | 优先级=30 | 数量=300 | 交期=06-11 00:00
2026-04-13 10:13:57.502 | INFO    | 订单完成 | 订单=sales_order_012 | 结果=planned | 延迟=0.0m | 任务=334 | 合并=80 | 耗时=0.0m
2026-04-13 10:13:57.502 | INFO    | 订单开始 | 序号=10/30 | 订单=sales_order_024 | 优先级=20 | 数量=300 | 交期=06-13 00:00
2026-04-13 10:13:57.578 | INFO    | 订单完成 | 订单=sales_order_024 | 结果=planned | 延迟=0.0m | 任务=357 | 合并=22 | 耗时=0.0m
2026-04-13 10:13:57.579 | INFO    | 订单开始 | 序号=11/30 | 订单=sales_order_017 | 优先级=20 | 数量=600 | 交期=06-15 00:00
2026-04-13 10:13:57.846 | INFO    | 订单完成 | 订单=sales_order_017 | 结果=planned | 延迟=0.0m | 任务=400 | 合并=45 | 耗时=0.0m
2026-04-13 10:13:57.847 | INFO    | 订单开始 | 序号=12/30 | 订单=sales_order_002 | 优先级=10 | 数量=600 | 交期=06-17 00:00
2026-04-13 10:13:58.662 | INFO    | 订单完成 | 订单=sales_order_002 | 结果=planned | 延迟=0.0m | 任务=508 | 合并=165 | 耗时=0.0m
2026-04-13 10:13:58.662 | INFO    | 订单开始 | 序号=13/30 | 订单=sales_order_010 | 优先级=20 | 数量=300 | 交期=06-16 00:00
2026-04-13 10:13:59.133 | INFO    | 订单完成 | 订单=sales_order_010 | 结果=planned | 延迟=0.0m | 任务=561 | 合并=79 | 耗时=0.0m
2026-04-13 10:13:59.133 | INFO    | 订单开始 | 序号=14/30 | 订单=sales_order_015 | 优先级=20 | 数量=300 | 交期=06-16 00:00
2026-04-13 10:13:59.959 | INFO    | 订单完成 | 订单=sales_order_015 | 结果=planned | 延迟=0.0m | 任务=620 | 合并=79 | 耗时=0.0m
2026-04-13 10:13:59.959 | INFO    | 订单开始 | 序号=15/30 | 订单=sales_order_021 | 优先级=10 | 数量=300 | 交期=06-19 00:00
2026-04-13 10:14:01.018 | INFO    | 订单完成 | 订单=sales_order_021 | 结果=planned | 延迟=0.0m | 任务=675 | 合并=83 | 耗时=0.0m
2026-04-13 10:14:01.019 | INFO    | 订单开始 | 序号=16/30 | 订单=sales_order_006 | 优先级=20 | 数量=300 | 交期=06-19 00:00
2026-04-13 10:14:01.070 | INFO    | 订单完成 | 订单=sales_order_006 | 结果=planned | 延迟=0.0m | 任务=697 | 合并=20 | 耗时=0.0m
2026-04-13 10:14:01.070 | INFO    | 订单开始 | 序号=17/30 | 订单=sales_order_025 | 优先级=20 | 数量=600 | 交期=06-19 00:00
2026-04-13 10:14:01.476 | INFO    | 订单完成 | 订单=sales_order_025 | 结果=planned | 延迟=0.0m | 任务=746 | 合并=75 | 耗时=0.0m
2026-04-13 10:14:01.476 | INFO    | 订单开始 | 序号=18/30 | 订单=sales_order_011 | 优先级=20 | 数量=300 | 交期=06-22 00:00
2026-04-13 10:14:01.805 | INFO    | 订单完成 | 订单=sales_order_011 | 结果=planned | 延迟=0.0m | 任务=777 | 合并=66 | 耗时=0.0m
2026-04-13 10:14:01.805 | INFO    | 订单开始 | 序号=19/30 | 订单=sales_order_020 | 优先级=10 | 数量=300 | 交期=06-26 00:00
2026-04-13 10:14:01.870 | INFO    | 订单完成 | 订单=sales_order_020 | 结果=planned | 延迟=0.0m | 任务=800 | 合并=27 | 耗时=0.0m
2026-04-13 10:14:01.871 | INFO    | 订单开始 | 序号=20/30 | 订单=sales_order_009 | 优先级=20 | 数量=300 | 交期=06-25 00:00
2026-04-13 10:14:01.930 | INFO    | 订单完成 | 订单=sales_order_009 | 结果=planned | 延迟=0.0m | 任务=823 | 合并=22 | 耗时=0.0m
2026-04-13 10:14:01.931 | INFO    | 订单开始 | 序号=21/30 | 订单=sales_order_018 | 优先级=10 | 数量=600 | 交期=06-27 00:00
2026-04-13 10:14:07.351 | INFO    | 订单完成 | 订单=sales_order_018 | 结果=planned | 延迟=0.0m | 任务=930 | 合并=166 | 耗时=0.1m
2026-04-13 10:14:07.352 | INFO    | 订单开始 | 序号=22/30 | 订单=sales_order_029 | 优先级=20 | 数量=900 | 交期=07-01 00:00
2026-04-13 10:14:08.414 | INFO    | 订单完成 | 订单=sales_order_029 | 结果=planned | 延迟=0.0m | 任务=989 | 合并=66 | 耗时=0.0m
2026-04-13 10:14:08.414 | INFO    | 订单开始 | 序号=23/30 | 订单=sales_order_030 | 优先级=10 | 数量=600 | 交期=07-04 00:00
2026-04-13 10:14:09.650 | INFO    | 订单完成 | 订单=sales_order_030 | 结果=planned | 延迟=0.0m | 任务=1046 | 合并=109 | 耗时=0.0m
2026-04-13 10:14:09.651 | INFO    | 订单开始 | 序号=24/30 | 订单=sales_order_023 | 优先级=10 | 数量=900 | 交期=07-07 00:00
2026-04-13 10:14:14.709 | INFO    | 订单完成 | 订单=sales_order_023 | 结果=planned | 延迟=0.0m | 任务=1124 | 合并=162 | 耗时=0.1m
2026-04-13 10:14:14.709 | INFO    | 订单开始 | 序号=25/30 | 订单=sales_order_022 | 优先级=20 | 数量=600 | 交期=07-04 00:00
2026-04-13 10:14:17.695 | INFO    | 订单完成 | 订单=sales_order_022 | 结果=planned | 延迟=0.0m | 任务=1201 | 合并=85 | 耗时=0.0m
2026-04-13 10:14:17.695 | INFO    | 订单开始 | 序号=26/30 | 订单=sales_order_005 | 优先级=10 | 数量=300 | 交期=07-09 00:00
2026-04-13 10:14:17.936 | INFO    | 订单完成 | 订单=sales_order_005 | 结果=planned | 延迟=0.0m | 任务=1242 | 合并=41 | 耗时=0.0m
2026-04-13 10:14:17.936 | INFO    | 订单开始 | 序号=27/30 | 订单=sales_order_004 | 优先级=30 | 数量=600 | 交期=07-03 00:00
2026-04-13 10:14:18.944 | INFO    | 订单完成 | 订单=sales_order_004 | 结果=planned | 延迟=0.0m | 任务=1285 | 合并=45 | 耗时=0.0m
2026-04-13 10:14:18.944 | INFO    | 订单开始 | 序号=28/30 | 订单=sales_order_003 | 优先级=20 | 数量=900 | 交期=07-12 00:00
2026-04-13 10:14:28.222 | INFO    | 订单完成 | 订单=sales_order_003 | 结果=planned | 延迟=0.0m | 任务=1369 | 合并=198 | 耗时=0.2m
2026-04-13 10:14:28.222 | INFO    | 订单开始 | 序号=29/30 | 订单=sales_order_028 | 优先级=20 | 数量=600 | 交期=07-15 00:00
2026-04-13 10:14:29.645 | INFO    | 订单完成 | 订单=sales_order_028 | 结果=planned | 延迟=0.0m | 任务=1416 | 合并=41 | 耗时=0.0m
2026-04-13 10:14:29.645 | INFO    | 订单开始 | 序号=30/30 | 订单=sales_order_019 | 优先级=30 | 数量=600 | 交期=07-15 00:00
2026-04-13 10:14:34.817 | INFO    | 订单完成 | 订单=sales_order_019 | 结果=planned | 延迟=0.0m | 任务=1477 | 合并=108 | 耗时=0.1m
2026-04-13 10:14:34.817 | SUCCESS | 阶段完成 | 阶段=2/6 | 名称=订单求解 | 阶段耗时=0.6m | 累计=0.6m | 说明=outcomes=30 tasks=1477
2026-04-13 10:14:34.817 | INFO    | 阶段开始 | 阶段=3/6 | 名称=准备输出目录 | 说明=清理旧结果
2026-04-13 10:14:34.818 | SUCCESS | 阶段完成 | 阶段=3/6 | 名称=准备输出目录 | 阶段耗时=0.0m | 累计=0.6m
2026-04-13 10:14:34.818 | INFO    | 阶段开始 | 阶段=4/6 | 名称=后处理与执行块
2026-04-13 10:14:34.919 | SUCCESS | 阶段完成 | 阶段=4/6 | 名称=后处理与执行块 | 阶段耗时=0.0m | 累计=0.6m | 说明=merged_rows=2133 execution_blocks=951
2026-04-13 10:14:34.920 | INFO    | 阶段开始 | 阶段=5/6 | 名称=回写数据库 | 说明=同步 schedule_tasks
2026-04-13 10:14:35.006 | SUCCESS | 阶段完成 | 阶段=5/6 | 名称=回写数据库 | 阶段耗时=0.0m | 累计=0.6m | 说明=rows=1477
2026-04-13 10:14:35.007 | INFO    | 阶段开始 | 阶段=6/6 | 名称=生成HTML
2026-04-13 10:14:35.007 | SUCCESS | 数据库同步完成 | rows=1477
2026-04-13 10:14:35.007 | INFO    | 执行块整理 | merged_rows=2133 | execution_blocks=951
2026-04-13 10:14:35.276 | SUCCESS | 阶段完成 | 阶段=6/6 | 名称=生成HTML | 阶段耗时=0.0m | 累计=0.7m
2026-04-13 10:14:35.277 | SUCCESS | 排产完成 | 输出目录=D:\A_sch\reports\schedule | 订单=30 | 任务=1477
2026-04-13 10:14:35.277 | SUCCESS | 结果汇总 | 问题=0 | 评分=85.80 | 采购=28 | 失败=0
2026-04-13 11:09:54.174 | INFO    | script start | output=D:\A_sch\reports\schedule | log_dir=D:\A_sch\logs | verbose=False
2026-04-13 11:09:54.174 | INFO    | 闃跺饥?| 闃?1/6 | 鍚嶇О=read db
2026-04-13 11:09:54.207 | SUCCESS | 闃跺畬鎴?| 闃?1/6 | 鍚嶇О=read db | 闃惰€楁椂=0.0m | =0.0m | 璇存槑=orders=30
2026-04-13 11:09:54.207 | INFO    | 闃跺饥?| 闃?2/6 | 鍚嶇О=solve
2026-04-13 11:09:54.207 | INFO    | 璁㈠崟寮?| 搴忓彿=1/30 | 璁㈠崟=sales_order_026 | 浼樺厛?10 | 鏁伴噺=600 | 浜ゆ湡=06-03 00:00
2026-04-13 11:09:54.359 | INFO    | 璁㈠崟瀹屾垚 | 璁㈠崟=sales_order_026 | 缁撴灉=planned | 寤惰繜=0.0m | 浠诲姟=43 | 鍚堝苟=45 | 鑰楁椂=0.0m
2026-04-13 11:09:54.359 | INFO    | 璁㈠崟寮?| 搴忓彿=2/30 | 璁㈠崟=sales_order_013 | 浼樺厛?20 | 鏁伴噺=300 | 浜ゆ湡=06-02 00:00
2026-04-13 11:09:54.466 | INFO    | 璁㈠崟瀹屾垚 | 璁㈠崟=sales_order_013 | 缁撴灉=planned | 寤惰繜=0.0m | 浠诲姟=68 | 鍚堝苟=39 | 鑰楁椂=0.0m
2026-04-13 11:09:54.466 | INFO    | 璁㈠崟寮?| 搴忓彿=3/30 | 璁㈠崟=sales_order_007 | 浼樺厛?10 | 鏁伴噺=300 | 浜ゆ湡=06-06 00:00
2026-04-13 11:09:54.596 | INFO    | 璁㈠崟瀹屾垚 | 璁㈠崟=sales_order_007 | 缁撴灉=planned | 寤惰繜=0.0m | 浠诲姟=109 | 鍚堝苟=46 | 鑰楁椂=0.0m
2026-04-13 11:09:54.596 | INFO    | 璁㈠崟寮?| 搴忓彿=4/30 | 璁㈠崟=sales_order_008 | 浼樺厛?20 | 鏁伴噺=300 | 浜ゆ湡=06-05 00:00
2026-04-13 11:09:54.696 | INFO    | 璁㈠崟瀹屾垚 | 璁㈠崟=sales_order_008 | 缁撴灉=planned | 寤惰繜=0.0m | 浠诲姟=150 | 鍚堝苟=41 | 鑰楁椂=0.0m
2026-04-13 11:09:54.697 | INFO    | 璁㈠崟寮?| 搴忓彿=5/30 | 璁㈠崟=sales_order_016 | 浼樺厛?20 | 鏁伴噺=300 | 浜ゆ湡=06-07 00:00
2026-04-13 11:09:54.968 | INFO    | 璁㈠崟瀹屾垚 | 璁㈠崟=sales_order_016 | 缁撴灉=planned | 寤惰繜=0.0m | 浠诲姟=191 | 鍚堝苟=41 | 鑰楁椂=0.0m
2026-04-13 11:09:54.968 | INFO    | 璁㈠崟寮?| 搴忓彿=6/30 | 璁㈠崟=sales_order_027 | 浼樺厛?20 | 鏁伴噺=300 | 浜ゆ湡=06-07 00:00
2026-04-13 11:09:55.102 | INFO    | 璁㈠崟瀹屾垚 | 璁㈠崟=sales_order_027 | 缁撴灉=planned | 寤惰繜=0.0m | 浠诲姟=221 | 鍚堝苟=59 | 鑰楁椂=0.0m
2026-04-13 11:09:55.102 | INFO    | 璁㈠崟寮?| 搴忓彿=7/30 | 璁㈠崟=sales_order_001 | 浼樺厛?20 | 鏁伴噺=300 | 浜ゆ湡=06-11 00:00
2026-04-13 11:09:55.218 | INFO    | 璁㈠崟瀹屾垚 | 璁㈠崟=sales_order_001 | 缁撴灉=planned | 寤惰繜=0.0m | 浠诲姟=252 | 鍚堝苟=56 | 鑰楁椂=0.0m
2026-04-13 11:09:55.219 | INFO    | 璁㈠崟寮?| 搴忓彿=8/30 | 璁㈠崟=sales_order_014 | 浼樺厛?20 | 鏁伴噺=300 | 浜ゆ湡=06-12 00:00
2026-04-13 11:09:55.257 | INFO    | 璁㈠崟瀹屾垚 | 璁㈠崟=sales_order_014 | 缁撴灉=planned | 寤惰繜=0.0m | 浠诲姟=275 | 鍚堝苟=22 | 鑰楁椂=0.0m
2026-04-13 11:09:55.257 | INFO    | 璁㈠崟寮?| 搴忓彿=9/30 | 璁㈠崟=sales_order_012 | 浼樺厛?30 | 鏁伴噺=300 | 浜ゆ湡=06-11 00:00
2026-04-13 11:09:55.601 | INFO    | 璁㈠崟瀹屾垚 | 璁㈠崟=sales_order_012 | 缁撴灉=planned | 寤惰繜=0.0m | 浠诲姟=334 | 鍚堝苟=80 | 鑰楁椂=0.0m
2026-04-13 11:09:55.601 | INFO    | 璁㈠崟寮?| 搴忓彿=10/30 | 璁㈠崟=sales_order_024 | 浼樺厛?20 | 鏁伴噺=300 | 浜ゆ湡=06-13 00:00
2026-04-13 11:09:55.677 | INFO    | 璁㈠崟瀹屾垚 | 璁㈠崟=sales_order_024 | 缁撴灉=planned | 寤惰繜=0.0m | 浠诲姟=357 | 鍚堝苟=22 | 鑰楁椂=0.0m
2026-04-13 11:09:55.679 | INFO    | 璁㈠崟寮?| 搴忓彿=11/30 | 璁㈠崟=sales_order_017 | 浼樺厛?20 | 鏁伴噺=600 | 浜ゆ湡=06-15 00:00
2026-04-13 11:09:55.934 | INFO    | 璁㈠崟瀹屾垚 | 璁㈠崟=sales_order_017 | 缁撴灉=planned | 寤惰繜=0.0m | 浠诲姟=400 | 鍚堝苟=45 | 鑰楁椂=0.0m
2026-04-13 11:09:55.934 | INFO    | 璁㈠崟寮?| 搴忓彿=12/30 | 璁㈠崟=sales_order_002 | 浼樺厛?10 | 鏁伴噺=600 | 浜ゆ湡=06-17 00:00
2026-04-13 11:09:56.734 | INFO    | 璁㈠崟瀹屾垚 | 璁㈠崟=sales_order_002 | 缁撴灉=planned | 寤惰繜=0.0m | 浠诲姟=510 | 鍚堝苟=163 | 鑰楁椂=0.0m
2026-04-13 11:09:56.734 | INFO    | 璁㈠崟寮?| 搴忓彿=13/30 | 璁㈠崟=sales_order_010 | 浼樺厛?20 | 鏁伴噺=300 | 浜ゆ湡=06-16 00:00
2026-04-13 11:09:57.190 | INFO    | 璁㈠崟瀹屾垚 | 璁㈠崟=sales_order_010 | 缁撴灉=planned | 寤惰繜=0.0m | 浠诲姟=565 | 鍚堝苟=77 | 鑰楁椂=0.0m
2026-04-13 11:09:57.190 | INFO    | 璁㈠崟寮?| 搴忓彿=14/30 | 璁㈠崟=sales_order_015 | 浼樺厛?20 | 鏁伴噺=300 | 浜ゆ湡=06-16 00:00
2026-04-13 11:09:58.051 | INFO    | 璁㈠崟瀹屾垚 | 璁㈠崟=sales_order_015 | 缁撴灉=planned | 寤惰繜=0.0m | 浠诲姟=625 | 鍚堝苟=78 | 鑰楁椂=0.0m
2026-04-13 11:09:58.052 | INFO    | 璁㈠崟寮?| 搴忓彿=15/30 | 璁㈠崟=sales_order_021 | 浼樺厛?10 | 鏁伴噺=300 | 浜ゆ湡=06-19 00:00
2026-04-13 11:09:59.055 | INFO    | 璁㈠崟瀹屾垚 | 璁㈠崟=sales_order_021 | 缁撴灉=planned | 寤惰繜=0.0m | 浠诲姟=680 | 鍚堝苟=83 | 鑰楁椂=0.0m
2026-04-13 11:09:59.055 | INFO    | 璁㈠崟寮?| 搴忓彿=16/30 | 璁㈠崟=sales_order_006 | 浼樺厛?20 | 鏁伴噺=300 | 浜ゆ湡=06-19 00:00
2026-04-13 11:09:59.110 | INFO    | 璁㈠崟瀹屾垚 | 璁㈠崟=sales_order_006 | 缁撴灉=planned | 寤惰繜=0.0m | 浠诲姟=702 | 鍚堝苟=20 | 鑰楁椂=0.0m
2026-04-13 11:09:59.110 | INFO    | 璁㈠崟寮?| 搴忓彿=17/30 | 璁㈠崟=sales_order_025 | 浼樺厛?20 | 鏁伴噺=600 | 浜ゆ湡=06-19 00:00
2026-04-13 11:09:59.501 | INFO    | 璁㈠崟瀹屾垚 | 璁㈠崟=sales_order_025 | 缁撴灉=planned | 寤惰繜=0.0m | 浠诲姟=751 | 鍚堝苟=75 | 鑰楁椂=0.0m
2026-04-13 11:09:59.501 | INFO    | 璁㈠崟寮?| 搴忓彿=18/30 | 璁㈠崟=sales_order_011 | 浼樺厛?20 | 鏁伴噺=300 | 浜ゆ湡=06-22 00:00
2026-04-13 11:09:59.806 | INFO    | 璁㈠崟瀹屾垚 | 璁㈠崟=sales_order_011 | 缁撴灉=planned | 寤惰繜=0.0m | 浠诲姟=782 | 鍚堝苟=66 | 鑰楁椂=0.0m
2026-04-13 11:09:59.806 | INFO    | 璁㈠崟寮?| 搴忓彿=19/30 | 璁㈠崟=sales_order_020 | 浼樺厛?10 | 鏁伴噺=300 | 浜ゆ湡=06-26 00:00
2026-04-13 11:09:59.872 | INFO    | 璁㈠崟瀹屾垚 | 璁㈠崟=sales_order_020 | 缁撴灉=planned | 寤惰繜=0.0m | 浠诲姟=805 | 鍚堝苟=27 | 鑰楁椂=0.0m
2026-04-13 11:09:59.872 | INFO    | 璁㈠崟寮?| 搴忓彿=20/30 | 璁㈠崟=sales_order_009 | 浼樺厛?20 | 鏁伴噺=300 | 浜ゆ湡=06-25 00:00
2026-04-13 11:09:59.933 | INFO    | 璁㈠崟瀹屾垚 | 璁㈠崟=sales_order_009 | 缁撴灉=planned | 寤惰繜=0.0m | 浠诲姟=828 | 鍚堝苟=22 | 鑰楁椂=0.0m
2026-04-13 11:09:59.933 | INFO    | 璁㈠崟寮?| 搴忓彿=21/30 | 璁㈠崟=sales_order_018 | 浼樺厛?10 | 鏁伴噺=600 | 浜ゆ湡=06-27 00:00
2026-04-13 11:10:07.640 | INFO    | 璁㈠崟瀹屾垚 | 璁㈠崟=sales_order_018 | 缁撴灉=planned | 寤惰繜=0.0m | 浠诲姟=935 | 鍚堝苟=166 | 鑰楁椂=0.1m
2026-04-13 11:10:07.641 | INFO    | 璁㈠崟寮?| 搴忓彿=22/30 | 璁㈠崟=sales_order_029 | 浼樺厛?20 | 鏁伴噺=900 | 浜ゆ湡=07-01 00:00
2026-04-13 11:10:09.445 | INFO    | 璁㈠崟瀹屾垚 | 璁㈠崟=sales_order_029 | 缁撴灉=planned | 寤惰繜=0.0m | 浠诲姟=994 | 鍚堝苟=66 | 鑰楁椂=0.0m
2026-04-13 11:10:09.445 | INFO    | 璁㈠崟寮?| 搴忓彿=23/30 | 璁㈠崟=sales_order_030 | 浼樺厛?10 | 鏁伴噺=600 | 浜ゆ湡=07-04 00:00
2026-04-13 11:10:11.621 | INFO    | 璁㈠崟瀹屾垚 | 璁㈠崟=sales_order_030 | 缁撴灉=planned | 寤惰繜=0.0m | 浠诲姟=1051 | 鍚堝苟=109 | 鑰楁椂=0.0m
2026-04-13 11:10:11.621 | INFO    | 璁㈠崟寮?| 搴忓彿=24/30 | 璁㈠崟=sales_order_023 | 浼樺厛?10 | 鏁伴噺=900 | 浜ゆ湡=07-07 00:00
2026-04-13 11:10:19.834 | INFO    | 璁㈠崟瀹屾垚 | 璁㈠崟=sales_order_023 | 缁撴灉=planned | 寤惰繜=0.0m | 浠诲姟=1129 | 鍚堝苟=162 | 鑰楁椂=0.1m
2026-04-13 11:10:19.834 | INFO    | 璁㈠崟寮?| 搴忓彿=25/30 | 璁㈠崟=sales_order_022 | 浼樺厛?20 | 鏁伴噺=600 | 浜ゆ湡=07-04 00:00
2026-04-13 11:10:24.561 | INFO    | 璁㈠崟瀹屾垚 | 璁㈠崟=sales_order_022 | 缁撴灉=planned | 寤惰繜=0.0m | 浠诲姟=1207 | 鍚堝苟=84 | 鑰楁椂=0.1m
2026-04-13 11:10:24.561 | INFO    | 璁㈠崟寮?| 搴忓彿=26/30 | 璁㈠崟=sales_order_005 | 浼樺厛?10 | 鏁伴噺=300 | 浜ゆ湡=07-09 00:00
2026-04-13 11:10:24.943 | INFO    | 璁㈠崟瀹屾垚 | 璁㈠崟=sales_order_005 | 缁撴灉=planned | 寤惰繜=0.0m | 浠诲姟=1248 | 鍚堝苟=41 | 鑰楁椂=0.0m
2026-04-13 11:10:24.944 | INFO    | 璁㈠崟寮?| 搴忓彿=27/30 | 璁㈠崟=sales_order_004 | 浼樺厛?30 | 鏁伴噺=600 | 浜ゆ湡=07-03 00:00
2026-04-13 11:10:26.468 | INFO    | 璁㈠崟瀹屾垚 | 璁㈠崟=sales_order_004 | 缁撴灉=planned | 寤惰繜=0.0m | 浠诲姟=1291 | 鍚堝苟=45 | 鑰楁椂=0.0m
2026-04-13 11:10:26.469 | INFO    | 璁㈠崟寮?| 搴忓彿=28/30 | 璁㈠崟=sales_order_003 | 浼樺厛?20 | 鏁伴噺=900 | 浜ゆ湡=07-12 00:00
2026-04-13 11:10:36.084 | INFO    | 璁㈠崟瀹屾垚 | 璁㈠崟=sales_order_003 | 缁撴灉=planned | 寤惰繜=0.0m | 浠诲姟=1375 | 鍚堝苟=198 | 鑰楁椂=0.2m
2026-04-13 11:10:36.084 | INFO    | 璁㈠崟寮?| 搴忓彿=29/30 | 璁㈠崟=sales_order_028 | 浼樺厛?20 | 鏁伴噺=600 | 浜ゆ湡=07-15 00:00
2026-04-13 11:10:37.472 | INFO    | 璁㈠崟瀹屾垚 | 璁㈠崟=sales_order_028 | 缁撴灉=planned | 寤惰繜=0.0m | 浠诲姟=1422 | 鍚堝苟=41 | 鑰楁椂=0.0m
2026-04-13 11:10:37.472 | INFO    | 璁㈠崟寮?| 搴忓彿=30/30 | 璁㈠崟=sales_order_019 | 浼樺厛?30 | 鏁伴噺=600 | 浜ゆ湡=07-15 00:00
2026-04-13 11:10:42.589 | INFO    | 璁㈠崟瀹屾垚 | 璁㈠崟=sales_order_019 | 缁撴灉=planned | 寤惰繜=0.0m | 浠诲姟=1484 | 鍚堝苟=107 | 鑰楁椂=0.1m
2026-04-13 11:10:42.590 | SUCCESS | 闃跺畬鎴?| 闃?2/6 | 鍚嶇О=solve | 闃惰€楁椂=0.8m | =0.8m | 璇存槑=outcomes=30 tasks=1484
2026-04-13 11:10:42.590 | INFO    | 闃跺饥?| 闃?3/6 | 鍚嶇О=prepare output | 璇存槑=cleanup legacy files
2026-04-13 11:10:42.590 | SUCCESS | 闃跺畬鎴?| 闃?3/6 | 鍚嶇О=prepare output | 闃惰€楁椂=0.0m | =0.8m
2026-04-13 11:10:42.590 | INFO    | 闃跺饥?| 闃?4/6 | 鍚嶇О=post process
2026-04-13 11:10:42.687 | SUCCESS | 闃跺畬鎴?| 闃?4/6 | 鍚嶇О=post process | 闃惰€楁椂=0.0m | =0.8m | 璇存槑=merged_rows=2126 execution_blocks=959
2026-04-13 11:10:42.687 | INFO    | 闃跺饥?| 闃?5/6 | 鍚嶇О=sync db | 璇存槑=write schedule_tasks
2026-04-13 11:14:29.524 | INFO    | script start | output=D:\A_sch\reports\schedule | log_dir=D:\A_sch\logs | verbose=False
2026-04-13 11:14:29.525 | INFO    | 阶弢?| ?1/6 | 名称=read db
2026-04-13 11:14:29.558 | SUCCESS | 阶完?| ?1/6 | 名称=read db | 阶时=0.0m | =0.0m | 说明=orders=30
2026-04-13 11:14:29.559 | INFO    | 阶弢?| ?2/6 | 名称=solve
2026-04-13 11:14:29.559 | INFO    | 订单?| 序号=1/30 | 订单=sales_order_026 | 优先?10 | 数量=600 | 交期=06-03 00:00
2026-04-13 11:14:29.730 | INFO    | 订单完成 | 订单=sales_order_026 | 结果=planned | 延迟=0.0m | 任务=43 | 合并=45 | 耗时=0.0m
2026-04-13 11:14:29.731 | INFO    | 订单?| 序号=2/30 | 订单=sales_order_013 | 优先?20 | 数量=300 | 交期=06-02 00:00
2026-04-13 11:14:29.825 | INFO    | 订单完成 | 订单=sales_order_013 | 结果=planned | 延迟=0.0m | 任务=68 | 合并=39 | 耗时=0.0m
2026-04-13 11:14:29.825 | INFO    | 订单?| 序号=3/30 | 订单=sales_order_007 | 优先?10 | 数量=300 | 交期=06-06 00:00
2026-04-13 11:14:29.989 | INFO    | 订单完成 | 订单=sales_order_007 | 结果=planned | 延迟=0.0m | 任务=109 | 合并=46 | 耗时=0.0m
2026-04-13 11:14:29.992 | INFO    | 订单?| 序号=4/30 | 订单=sales_order_008 | 优先?20 | 数量=300 | 交期=06-05 00:00
2026-04-13 11:14:30.157 | INFO    | 订单完成 | 订单=sales_order_008 | 结果=planned | 延迟=0.0m | 任务=150 | 合并=41 | 耗时=0.0m
2026-04-13 11:14:30.158 | INFO    | 订单?| 序号=5/30 | 订单=sales_order_016 | 优先?20 | 数量=300 | 交期=06-07 00:00
2026-04-13 11:14:30.455 | INFO    | 订单完成 | 订单=sales_order_016 | 结果=planned | 延迟=0.0m | 任务=191 | 合并=41 | 耗时=0.0m
2026-04-13 11:14:30.457 | INFO    | 订单?| 序号=6/30 | 订单=sales_order_027 | 优先?20 | 数量=300 | 交期=06-07 00:00
2026-04-13 11:14:30.604 | INFO    | 订单完成 | 订单=sales_order_027 | 结果=planned | 延迟=0.0m | 任务=221 | 合并=59 | 耗时=0.0m
2026-04-13 11:14:30.605 | INFO    | 订单?| 序号=7/30 | 订单=sales_order_001 | 优先?20 | 数量=300 | 交期=06-11 00:00
2026-04-13 11:14:30.734 | INFO    | 订单完成 | 订单=sales_order_001 | 结果=planned | 延迟=0.0m | 任务=252 | 合并=56 | 耗时=0.0m
2026-04-13 11:14:30.734 | INFO    | 订单?| 序号=8/30 | 订单=sales_order_014 | 优先?20 | 数量=300 | 交期=06-12 00:00
2026-04-13 11:14:30.764 | INFO    | 订单完成 | 订单=sales_order_014 | 结果=planned | 延迟=0.0m | 任务=275 | 合并=22 | 耗时=0.0m
2026-04-13 11:14:30.765 | INFO    | 订单?| 序号=9/30 | 订单=sales_order_012 | 优先?30 | 数量=300 | 交期=06-11 00:00
2026-04-13 11:14:31.133 | INFO    | 订单完成 | 订单=sales_order_012 | 结果=planned | 延迟=0.0m | 任务=334 | 合并=80 | 耗时=0.0m
2026-04-13 11:14:31.133 | INFO    | 订单?| 序号=10/30 | 订单=sales_order_024 | 优先?20 | 数量=300 | 交期=06-13 00:00
2026-04-13 11:14:31.216 | INFO    | 订单完成 | 订单=sales_order_024 | 结果=planned | 延迟=0.0m | 任务=357 | 合并=22 | 耗时=0.0m
2026-04-13 11:14:31.216 | INFO    | 订单?| 序号=11/30 | 订单=sales_order_017 | 优先?20 | 数量=600 | 交期=06-15 00:00
2026-04-13 11:14:31.514 | INFO    | 订单完成 | 订单=sales_order_017 | 结果=planned | 延迟=0.0m | 任务=400 | 合并=45 | 耗时=0.0m
2026-04-13 11:14:31.515 | INFO    | 订单?| 序号=12/30 | 订单=sales_order_002 | 优先?10 | 数量=600 | 交期=06-17 00:00
2026-04-13 11:14:32.396 | INFO    | 订单完成 | 订单=sales_order_002 | 结果=planned | 延迟=0.0m | 任务=510 | 合并=163 | 耗时=0.0m
2026-04-13 11:14:32.396 | INFO    | 订单?| 序号=13/30 | 订单=sales_order_010 | 优先?20 | 数量=300 | 交期=06-16 00:00
2026-04-13 11:14:32.880 | INFO    | 订单完成 | 订单=sales_order_010 | 结果=planned | 延迟=0.0m | 任务=565 | 合并=77 | 耗时=0.0m
2026-04-13 11:14:32.881 | INFO    | 订单?| 序号=14/30 | 订单=sales_order_015 | 优先?20 | 数量=300 | 交期=06-16 00:00
2026-04-13 11:14:33.751 | INFO    | 订单完成 | 订单=sales_order_015 | 结果=planned | 延迟=0.0m | 任务=625 | 合并=78 | 耗时=0.0m
2026-04-13 11:14:33.752 | INFO    | 订单?| 序号=15/30 | 订单=sales_order_021 | 优先?10 | 数量=300 | 交期=06-19 00:00
2026-04-13 11:14:34.962 | INFO    | 订单完成 | 订单=sales_order_021 | 结果=planned | 延迟=0.0m | 任务=680 | 合并=83 | 耗时=0.0m
2026-04-13 11:14:34.962 | INFO    | 订单?| 序号=16/30 | 订单=sales_order_006 | 优先?20 | 数量=300 | 交期=06-19 00:00
2026-04-13 11:14:35.072 | INFO    | 订单完成 | 订单=sales_order_006 | 结果=planned | 延迟=0.0m | 任务=702 | 合并=20 | 耗时=0.0m
2026-04-13 11:14:35.072 | INFO    | 订单?| 序号=17/30 | 订单=sales_order_025 | 优先?20 | 数量=600 | 交期=06-19 00:00
2026-04-13 11:14:35.910 | INFO    | 订单完成 | 订单=sales_order_025 | 结果=planned | 延迟=0.0m | 任务=751 | 合并=75 | 耗时=0.0m
2026-04-13 11:14:35.910 | INFO    | 订单?| 序号=18/30 | 订单=sales_order_011 | 优先?20 | 数量=300 | 交期=06-22 00:00
2026-04-13 11:14:36.491 | INFO    | 订单完成 | 订单=sales_order_011 | 结果=planned | 延迟=0.0m | 任务=782 | 合并=66 | 耗时=0.0m
2026-04-13 11:14:36.492 | INFO    | 订单?| 序号=19/30 | 订单=sales_order_020 | 优先?10 | 数量=300 | 交期=06-26 00:00
2026-04-13 11:14:36.640 | INFO    | 订单完成 | 订单=sales_order_020 | 结果=planned | 延迟=0.0m | 任务=805 | 合并=27 | 耗时=0.0m
2026-04-13 11:14:36.640 | INFO    | 订单?| 序号=20/30 | 订单=sales_order_009 | 优先?20 | 数量=300 | 交期=06-25 00:00
2026-04-13 11:14:36.804 | INFO    | 订单完成 | 订单=sales_order_009 | 结果=planned | 延迟=0.0m | 任务=828 | 合并=22 | 耗时=0.0m
2026-04-13 11:14:36.806 | INFO    | 订单?| 序号=21/30 | 订单=sales_order_018 | 优先?10 | 数量=600 | 交期=06-27 00:00
2026-04-13 11:14:45.917 | INFO    | 订单完成 | 订单=sales_order_018 | 结果=planned | 延迟=0.0m | 任务=935 | 合并=166 | 耗时=0.2m
2026-04-13 11:14:45.917 | INFO    | 订单?| 序号=22/30 | 订单=sales_order_029 | 优先?20 | 数量=900 | 交期=07-01 00:00
2026-04-13 11:14:47.691 | INFO    | 订单完成 | 订单=sales_order_029 | 结果=planned | 延迟=0.0m | 任务=994 | 合并=66 | 耗时=0.0m
2026-04-13 11:14:47.692 | INFO    | 订单?| 序号=23/30 | 订单=sales_order_030 | 优先?10 | 数量=600 | 交期=07-04 00:00
2026-04-13 11:14:49.615 | INFO    | 订单完成 | 订单=sales_order_030 | 结果=planned | 延迟=0.0m | 任务=1051 | 合并=109 | 耗时=0.0m
2026-04-13 11:14:49.617 | INFO    | 订单?| 序号=24/30 | 订单=sales_order_023 | 优先?10 | 数量=900 | 交期=07-07 00:00
2026-04-13 11:14:56.569 | INFO    | 订单完成 | 订单=sales_order_023 | 结果=planned | 延迟=0.0m | 任务=1129 | 合并=162 | 耗时=0.1m
2026-04-13 11:14:56.569 | INFO    | 订单?| 序号=25/30 | 订单=sales_order_022 | 优先?20 | 数量=600 | 交期=07-04 00:00
2026-04-13 11:15:01.503 | INFO    | 订单完成 | 订单=sales_order_022 | 结果=planned | 延迟=0.0m | 任务=1207 | 合并=84 | 耗时=0.1m
2026-04-13 11:15:01.503 | INFO    | 订单?| 序号=26/30 | 订单=sales_order_005 | 优先?10 | 数量=300 | 交期=07-09 00:00
2026-04-13 11:15:01.945 | INFO    | 订单完成 | 订单=sales_order_005 | 结果=planned | 延迟=0.0m | 任务=1248 | 合并=41 | 耗时=0.0m
2026-04-13 11:15:01.945 | INFO    | 订单?| 序号=27/30 | 订单=sales_order_004 | 优先?30 | 数量=600 | 交期=07-03 00:00
2026-04-13 11:15:03.724 | INFO    | 订单完成 | 订单=sales_order_004 | 结果=planned | 延迟=0.0m | 任务=1291 | 合并=45 | 耗时=0.0m
2026-04-13 11:15:03.726 | INFO    | 订单?| 序号=28/30 | 订单=sales_order_003 | 优先?20 | 数量=900 | 交期=07-12 00:00
2026-04-13 11:15:18.828 | INFO    | 订单完成 | 订单=sales_order_003 | 结果=planned | 延迟=0.0m | 任务=1375 | 合并=198 | 耗时=0.3m
2026-04-13 11:15:18.828 | INFO    | 订单?| 序号=29/30 | 订单=sales_order_028 | 优先?20 | 数量=600 | 交期=07-15 00:00
2026-04-13 11:15:21.683 | INFO    | 订单完成 | 订单=sales_order_028 | 结果=planned | 延迟=0.0m | 任务=1422 | 合并=41 | 耗时=0.0m
2026-04-13 11:15:21.683 | INFO    | 订单?| 序号=30/30 | 订单=sales_order_019 | 优先?30 | 数量=600 | 交期=07-15 00:00
2026-04-13 11:15:35.302 | INFO    | 订单完成 | 订单=sales_order_019 | 结果=planned | 延迟=0.0m | 任务=1484 | 合并=107 | 耗时=0.2m
2026-04-13 11:15:35.302 | SUCCESS | 阶完?| ?2/6 | 名称=solve | 阶时=1.1m | =1.1m | 说明=outcomes=30 tasks=1484
2026-04-13 11:15:35.315 | INFO    | 阶弢?| ?3/6 | 名称=prepare output | 说明=cleanup legacy files
2026-04-13 11:15:35.317 | SUCCESS | 阶完?| ?3/6 | 名称=prepare output | 阶时=0.0m | =1.1m
2026-04-13 11:15:35.326 | INFO    | 阶弢?| ?4/6 | 名称=post process
2026-04-13 11:15:35.745 | SUCCESS | 阶完?| ?4/6 | 名称=post process | 阶时=0.0m | =1.1m | 说明=merged_rows=2126 execution_blocks=959
2026-04-13 11:15:35.746 | INFO    | 阶弢?| ?5/6 | 名称=sync db | 说明=write schedule_tasks
2026-04-13 11:18:13.205 | INFO    | script start | output=D:\A_sch\reports\schedule | log_dir=D:\A_sch\logs | verbose=False
2026-04-13 11:18:13.205 | INFO    | 阶弢?| ?1/6 | 名称=read db
2026-04-13 11:18:13.234 | SUCCESS | 阶完?| ?1/6 | 名称=read db | 阶时=0.0m | =0.0m | 说明=orders=30
2026-04-13 11:18:13.234 | INFO    | 阶弢?| ?2/6 | 名称=solve
2026-04-13 11:18:13.234 | INFO    | 订单?| 序号=1/30 | 订单=sales_order_026 | 优先?10 | 数量=600 | 交期=06-03 00:00
2026-04-13 11:18:13.393 | INFO    | 订单完成 | 订单=sales_order_026 | 结果=planned | 延迟=0.0m | 任务=43 | 合并=45 | 耗时=0.0m
2026-04-13 11:18:13.393 | INFO    | 订单?| 序号=2/30 | 订单=sales_order_013 | 优先?20 | 数量=300 | 交期=06-02 00:00
2026-04-13 11:18:13.464 | INFO    | 订单完成 | 订单=sales_order_013 | 结果=planned | 延迟=0.0m | 任务=68 | 合并=39 | 耗时=0.0m
2026-04-13 11:18:13.465 | INFO    | 订单?| 序号=3/30 | 订单=sales_order_007 | 优先?10 | 数量=300 | 交期=06-06 00:00
2026-04-13 11:18:13.589 | INFO    | 订单完成 | 订单=sales_order_007 | 结果=planned | 延迟=0.0m | 任务=109 | 合并=46 | 耗时=0.0m
2026-04-13 11:18:13.589 | INFO    | 订单?| 序号=4/30 | 订单=sales_order_008 | 优先?20 | 数量=300 | 交期=06-05 00:00
2026-04-13 11:18:13.691 | INFO    | 订单完成 | 订单=sales_order_008 | 结果=planned | 延迟=0.0m | 任务=150 | 合并=41 | 耗时=0.0m
2026-04-13 11:18:13.691 | INFO    | 订单?| 序号=5/30 | 订单=sales_order_016 | 优先?20 | 数量=300 | 交期=06-07 00:00
2026-04-13 11:18:13.994 | INFO    | 订单完成 | 订单=sales_order_016 | 结果=planned | 延迟=0.0m | 任务=191 | 合并=41 | 耗时=0.0m
2026-04-13 11:18:13.995 | INFO    | 订单?| 序号=6/30 | 订单=sales_order_027 | 优先?20 | 数量=300 | 交期=06-07 00:00
2026-04-13 11:18:14.132 | INFO    | 订单完成 | 订单=sales_order_027 | 结果=planned | 延迟=0.0m | 任务=221 | 合并=59 | 耗时=0.0m
2026-04-13 11:18:14.132 | INFO    | 订单?| 序号=7/30 | 订单=sales_order_001 | 优先?20 | 数量=300 | 交期=06-11 00:00
2026-04-13 11:18:14.274 | INFO    | 订单完成 | 订单=sales_order_001 | 结果=planned | 延迟=0.0m | 任务=252 | 合并=56 | 耗时=0.0m
2026-04-13 11:18:14.275 | INFO    | 订单?| 序号=8/30 | 订单=sales_order_014 | 优先?20 | 数量=300 | 交期=06-12 00:00
2026-04-13 11:18:14.305 | INFO    | 订单完成 | 订单=sales_order_014 | 结果=planned | 延迟=0.0m | 任务=275 | 合并=22 | 耗时=0.0m
2026-04-13 11:18:14.305 | INFO    | 订单?| 序号=9/30 | 订单=sales_order_012 | 优先?30 | 数量=300 | 交期=06-11 00:00
2026-04-13 11:18:14.663 | INFO    | 订单完成 | 订单=sales_order_012 | 结果=planned | 延迟=0.0m | 任务=334 | 合并=80 | 耗时=0.0m
2026-04-13 11:18:14.663 | INFO    | 订单?| 序号=10/30 | 订单=sales_order_024 | 优先?20 | 数量=300 | 交期=06-13 00:00
2026-04-13 11:18:14.739 | INFO    | 订单完成 | 订单=sales_order_024 | 结果=planned | 延迟=0.0m | 任务=357 | 合并=22 | 耗时=0.0m
2026-04-13 11:18:14.739 | INFO    | 订单?| 序号=11/30 | 订单=sales_order_017 | 优先?20 | 数量=600 | 交期=06-15 00:00
2026-04-13 11:18:15.022 | INFO    | 订单完成 | 订单=sales_order_017 | 结果=planned | 延迟=0.0m | 任务=400 | 合并=45 | 耗时=0.0m
2026-04-13 11:18:15.022 | INFO    | 订单?| 序号=12/30 | 订单=sales_order_002 | 优先?10 | 数量=600 | 交期=06-17 00:00
2026-04-13 11:18:15.919 | INFO    | 订单完成 | 订单=sales_order_002 | 结果=planned | 延迟=0.0m | 任务=510 | 合并=163 | 耗时=0.0m
2026-04-13 11:18:15.919 | INFO    | 订单?| 序号=13/30 | 订单=sales_order_010 | 优先?20 | 数量=300 | 交期=06-16 00:00
2026-04-13 11:18:16.381 | INFO    | 订单完成 | 订单=sales_order_010 | 结果=planned | 延迟=0.0m | 任务=565 | 合并=77 | 耗时=0.0m
2026-04-13 11:18:16.381 | INFO    | 订单?| 序号=14/30 | 订单=sales_order_015 | 优先?20 | 数量=300 | 交期=06-16 00:00
2026-04-13 11:18:17.188 | INFO    | 订单完成 | 订单=sales_order_015 | 结果=planned | 延迟=0.0m | 任务=625 | 合并=78 | 耗时=0.0m
2026-04-13 11:18:17.189 | INFO    | 订单?| 序号=15/30 | 订单=sales_order_021 | 优先?10 | 数量=300 | 交期=06-19 00:00
2026-04-13 11:18:18.266 | INFO    | 订单完成 | 订单=sales_order_021 | 结果=planned | 延迟=0.0m | 任务=680 | 合并=83 | 耗时=0.0m
2026-04-13 11:18:18.266 | INFO    | 订单?| 序号=16/30 | 订单=sales_order_006 | 优先?20 | 数量=300 | 交期=06-19 00:00
2026-04-13 11:18:18.323 | INFO    | 订单完成 | 订单=sales_order_006 | 结果=planned | 延迟=0.0m | 任务=702 | 合并=20 | 耗时=0.0m
2026-04-13 11:18:18.323 | INFO    | 订单?| 序号=17/30 | 订单=sales_order_025 | 优先?20 | 数量=600 | 交期=06-19 00:00
2026-04-13 11:18:18.737 | INFO    | 订单完成 | 订单=sales_order_025 | 结果=planned | 延迟=0.0m | 任务=751 | 合并=75 | 耗时=0.0m
2026-04-13 11:18:18.738 | INFO    | 订单?| 序号=18/30 | 订单=sales_order_011 | 优先?20 | 数量=300 | 交期=06-22 00:00
2026-04-13 11:18:19.053 | INFO    | 订单完成 | 订单=sales_order_011 | 结果=planned | 延迟=0.0m | 任务=782 | 合并=66 | 耗时=0.0m
2026-04-13 11:18:19.053 | INFO    | 订单?| 序号=19/30 | 订单=sales_order_020 | 优先?10 | 数量=300 | 交期=06-26 00:00
2026-04-13 11:18:19.122 | INFO    | 订单完成 | 订单=sales_order_020 | 结果=planned | 延迟=0.0m | 任务=805 | 合并=27 | 耗时=0.0m
2026-04-13 11:18:19.123 | INFO    | 订单?| 序号=20/30 | 订单=sales_order_009 | 优先?20 | 数量=300 | 交期=06-25 00:00
2026-04-13 11:18:19.191 | INFO    | 订单完成 | 订单=sales_order_009 | 结果=planned | 延迟=0.0m | 任务=828 | 合并=22 | 耗时=0.0m
2026-04-13 11:18:19.191 | INFO    | 订单?| 序号=21/30 | 订单=sales_order_018 | 优先?10 | 数量=600 | 交期=06-27 00:00
2026-04-13 11:18:25.040 | INFO    | 订单完成 | 订单=sales_order_018 | 结果=planned | 延迟=0.0m | 任务=935 | 合并=166 | 耗时=0.1m
2026-04-13 11:18:25.040 | INFO    | 订单?| 序号=22/30 | 订单=sales_order_029 | 优先?20 | 数量=900 | 交期=07-01 00:00
2026-04-13 11:18:26.826 | INFO    | 订单完成 | 订单=sales_order_029 | 结果=planned | 延迟=0.0m | 任务=994 | 合并=66 | 耗时=0.0m
2026-04-13 11:18:26.826 | INFO    | 订单?| 序号=23/30 | 订单=sales_order_030 | 优先?10 | 数量=600 | 交期=07-04 00:00
2026-04-13 11:18:28.833 | INFO    | 订单完成 | 订单=sales_order_030 | 结果=planned | 延迟=0.0m | 任务=1051 | 合并=109 | 耗时=0.0m
2026-04-13 11:18:28.833 | INFO    | 订单?| 序号=24/30 | 订单=sales_order_023 | 优先?10 | 数量=900 | 交期=07-07 00:00
2026-04-13 11:18:36.895 | INFO    | 订单完成 | 订单=sales_order_023 | 结果=planned | 延迟=0.0m | 任务=1129 | 合并=162 | 耗时=0.1m
2026-04-13 11:18:36.895 | INFO    | 订单?| 序号=25/30 | 订单=sales_order_022 | 优先?20 | 数量=600 | 交期=07-04 00:00
2026-04-13 11:18:41.818 | INFO    | 订单完成 | 订单=sales_order_022 | 结果=planned | 延迟=0.0m | 任务=1207 | 合并=84 | 耗时=0.1m
2026-04-13 11:18:41.818 | INFO    | 订单?| 序号=26/30 | 订单=sales_order_005 | 优先?10 | 数量=300 | 交期=07-09 00:00
2026-04-13 11:18:42.181 | INFO    | 订单完成 | 订单=sales_order_005 | 结果=planned | 延迟=0.0m | 任务=1248 | 合并=41 | 耗时=0.0m
2026-04-13 11:18:42.181 | INFO    | 订单?| 序号=27/30 | 订单=sales_order_004 | 优先?30 | 数量=600 | 交期=07-03 00:00
2026-04-13 11:18:43.770 | INFO    | 订单完成 | 订单=sales_order_004 | 结果=planned | 延迟=0.0m | 任务=1291 | 合并=45 | 耗时=0.0m
2026-04-13 11:18:43.770 | INFO    | 订单?| 序号=28/30 | 订单=sales_order_003 | 优先?20 | 数量=900 | 交期=07-12 00:00
2026-04-13 11:18:58.285 | INFO    | 订单完成 | 订单=sales_order_003 | 结果=planned | 延迟=0.0m | 任务=1375 | 合并=198 | 耗时=0.2m
2026-04-13 11:18:58.286 | INFO    | 订单?| 序号=29/30 | 订单=sales_order_028 | 优先?20 | 数量=600 | 交期=07-15 00:00
2026-04-13 11:19:00.564 | INFO    | 订单完成 | 订单=sales_order_028 | 结果=planned | 延迟=0.0m | 任务=1422 | 合并=41 | 耗时=0.0m
2026-04-13 11:19:00.564 | INFO    | 订单?| 序号=30/30 | 订单=sales_order_019 | 优先?30 | 数量=600 | 交期=07-15 00:00
2026-04-13 11:19:09.628 | INFO    | 订单完成 | 订单=sales_order_019 | 结果=planned | 延迟=0.0m | 任务=1484 | 合并=107 | 耗时=0.2m
2026-04-13 11:19:09.628 | SUCCESS | 阶完?| ?2/6 | 名称=solve | 阶时=0.9m | =0.9m | 说明=outcomes=30 tasks=1484
2026-04-13 11:19:09.628 | INFO    | 阶弢?| ?3/6 | 名称=prepare output | 说明=cleanup legacy files
2026-04-13 11:19:09.630 | SUCCESS | 阶完?| ?3/6 | 名称=prepare output | 阶时=0.0m | =0.9m
2026-04-13 11:19:09.631 | INFO    | 阶弢?| ?4/6 | 名称=post process
2026-04-13 11:19:09.837 | SUCCESS | 阶完?| ?4/6 | 名称=post process | 阶时=0.0m | =0.9m | 说明=merged_rows=2126 execution_blocks=959
2026-04-13 11:19:09.838 | INFO    | 阶弢?| ?5/6 | 名称=sync db | 说明=write schedule_tasks
2026-04-13 11:19:10.029 | SUCCESS | 阶完?| ?5/6 | 名称=sync db | 阶时=0.0m | =0.9m | 说明=rows=1484
2026-04-13 11:19:10.029 | INFO    | 阶弢?| ?6/6 | 名称=write html
2026-04-13 11:19:10.030 | SUCCESS | db sync done | rows=1484
2026-04-13 11:19:10.030 | INFO    | execution blocks | merged_rows=2126 | execution_blocks=959
2026-04-13 11:19:10.678 | SUCCESS | 阶完?| ?6/6 | 名称=write html | 阶时=0.0m | =1.0m
2026-04-13 11:19:10.680 | SUCCESS | schedule done | output=D:\A_sch\reports\schedule | orders=30 | tasks=1484
2026-04-13 11:19:10.680 | SUCCESS | summary | problems=0 | score=85.80 | purchases=28 | failed=0
2026-04-13 11:30:02.884 | INFO    | script start | output=D:\A_sch\reports\schedule | log_dir=D:\A_sch\logs | verbose=False
2026-04-13 11:30:02.884 | INFO    | 阶段开始 | 1/6 | 名称=read db
2026-04-13 11:30:02.910 | SUCCESS | 阶段完成 | 1/6 | 名称=read db | 阶段耗时=0.0m | 累计=0.0m | 说明=orders=30
2026-04-13 11:30:02.910 | INFO    | 阶段开始 | 2/6 | 名称=solve
2026-04-13 11:30:02.910 | INFO    | 订单开始 | 序号=1/30 | 订单=sales_order_026 | 优先级=10 | 数量=600 | 交期=06-03 00:00
2026-04-13 11:30:03.069 | INFO    | 订单完成 | 订单=sales_order_026 | 结果=planned | 延迟=0.0m | 任务=43 | 合并=45 | 耗时=0.0m
2026-04-13 11:30:03.069 | INFO    | 订单开始 | 序号=2/30 | 订单=sales_order_013 | 优先级=20 | 数量=300 | 交期=06-02 00:00
2026-04-13 11:30:03.139 | INFO    | 订单完成 | 订单=sales_order_013 | 结果=planned | 延迟=0.0m | 任务=68 | 合并=39 | 耗时=0.0m
2026-04-13 11:30:03.139 | INFO    | 订单开始 | 序号=3/30 | 订单=sales_order_007 | 优先级=10 | 数量=300 | 交期=06-06 00:00
2026-04-13 11:30:03.257 | INFO    | 订单完成 | 订单=sales_order_007 | 结果=planned | 延迟=0.0m | 任务=109 | 合并=46 | 耗时=0.0m
2026-04-13 11:30:03.257 | INFO    | 订单开始 | 序号=4/30 | 订单=sales_order_008 | 优先级=20 | 数量=300 | 交期=06-05 00:00
2026-04-13 11:30:03.364 | INFO    | 订单完成 | 订单=sales_order_008 | 结果=planned | 延迟=0.0m | 任务=150 | 合并=41 | 耗时=0.0m
2026-04-13 11:30:03.364 | INFO    | 订单开始 | 序号=5/30 | 订单=sales_order_016 | 优先级=20 | 数量=300 | 交期=06-07 00:00
2026-04-13 11:30:03.651 | INFO    | 订单完成 | 订单=sales_order_016 | 结果=planned | 延迟=0.0m | 任务=191 | 合并=41 | 耗时=0.0m
2026-04-13 11:30:03.651 | INFO    | 订单开始 | 序号=6/30 | 订单=sales_order_027 | 优先级=20 | 数量=300 | 交期=06-07 00:00
2026-04-13 11:30:03.794 | INFO    | 订单完成 | 订单=sales_order_027 | 结果=planned | 延迟=0.0m | 任务=221 | 合并=59 | 耗时=0.0m
2026-04-13 11:30:03.794 | INFO    | 订单开始 | 序号=7/30 | 订单=sales_order_001 | 优先级=20 | 数量=300 | 交期=06-11 00:00
2026-04-13 11:30:03.921 | INFO    | 订单完成 | 订单=sales_order_001 | 结果=planned | 延迟=0.0m | 任务=252 | 合并=56 | 耗时=0.0m
2026-04-13 11:30:03.922 | INFO    | 订单开始 | 序号=8/30 | 订单=sales_order_014 | 优先级=20 | 数量=300 | 交期=06-12 00:00
2026-04-13 11:30:03.950 | INFO    | 订单完成 | 订单=sales_order_014 | 结果=planned | 延迟=0.0m | 任务=275 | 合并=22 | 耗时=0.0m
2026-04-13 11:30:03.951 | INFO    | 订单开始 | 序号=9/30 | 订单=sales_order_012 | 优先级=30 | 数量=300 | 交期=06-11 00:00
2026-04-13 11:30:04.334 | INFO    | 订单完成 | 订单=sales_order_012 | 结果=planned | 延迟=0.0m | 任务=334 | 合并=80 | 耗时=0.0m
2026-04-13 11:30:04.334 | INFO    | 订单开始 | 序号=10/30 | 订单=sales_order_024 | 优先级=20 | 数量=300 | 交期=06-13 00:00
2026-04-13 11:30:04.414 | INFO    | 订单完成 | 订单=sales_order_024 | 结果=planned | 延迟=0.0m | 任务=357 | 合并=22 | 耗时=0.0m
2026-04-13 11:30:04.414 | INFO    | 订单开始 | 序号=11/30 | 订单=sales_order_017 | 优先级=20 | 数量=600 | 交期=06-15 00:00
2026-04-13 11:30:04.677 | INFO    | 订单完成 | 订单=sales_order_017 | 结果=planned | 延迟=0.0m | 任务=400 | 合并=45 | 耗时=0.0m
2026-04-13 11:30:04.678 | INFO    | 订单开始 | 序号=12/30 | 订单=sales_order_002 | 优先级=10 | 数量=600 | 交期=06-17 00:00
2026-04-13 11:30:05.651 | INFO    | 订单完成 | 订单=sales_order_002 | 结果=planned | 延迟=0.0m | 任务=510 | 合并=163 | 耗时=0.0m
2026-04-13 11:30:05.652 | INFO    | 订单开始 | 序号=13/30 | 订单=sales_order_010 | 优先级=20 | 数量=300 | 交期=06-16 00:00
2026-04-13 11:30:06.223 | INFO    | 订单完成 | 订单=sales_order_010 | 结果=planned | 延迟=0.0m | 任务=564 | 合并=78 | 耗时=0.0m
2026-04-13 11:30:06.223 | INFO    | 订单开始 | 序号=14/30 | 订单=sales_order_015 | 优先级=20 | 数量=300 | 交期=06-16 00:00
2026-04-13 11:30:07.504 | INFO    | 订单完成 | 订单=sales_order_015 | 结果=planned | 延迟=0.0m | 任务=624 | 合并=78 | 耗时=0.0m
2026-04-13 11:30:07.505 | INFO    | 订单开始 | 序号=15/30 | 订单=sales_order_021 | 优先级=10 | 数量=300 | 交期=06-19 00:00
2026-04-13 11:30:08.507 | INFO    | 订单完成 | 订单=sales_order_021 | 结果=planned | 延迟=0.0m | 任务=679 | 合并=83 | 耗时=0.0m
2026-04-13 11:30:08.508 | INFO    | 订单开始 | 序号=16/30 | 订单=sales_order_006 | 优先级=20 | 数量=300 | 交期=06-19 00:00
2026-04-13 11:30:08.580 | INFO    | 订单完成 | 订单=sales_order_006 | 结果=planned | 延迟=0.0m | 任务=701 | 合并=20 | 耗时=0.0m
2026-04-13 11:30:08.580 | INFO    | 订单开始 | 序号=17/30 | 订单=sales_order_025 | 优先级=20 | 数量=600 | 交期=06-19 00:00
2026-04-13 11:30:09.052 | INFO    | 订单完成 | 订单=sales_order_025 | 结果=planned | 延迟=0.0m | 任务=750 | 合并=75 | 耗时=0.0m
2026-04-13 11:30:09.053 | INFO    | 订单开始 | 序号=18/30 | 订单=sales_order_011 | 优先级=20 | 数量=300 | 交期=06-22 00:00
2026-04-13 11:30:09.388 | INFO    | 订单完成 | 订单=sales_order_011 | 结果=planned | 延迟=0.0m | 任务=781 | 合并=66 | 耗时=0.0m
2026-04-13 11:30:09.388 | INFO    | 订单开始 | 序号=19/30 | 订单=sales_order_020 | 优先级=10 | 数量=300 | 交期=06-26 00:00
2026-04-13 11:30:09.459 | INFO    | 订单完成 | 订单=sales_order_020 | 结果=planned | 延迟=0.0m | 任务=804 | 合并=27 | 耗时=0.0m
2026-04-13 11:30:09.459 | INFO    | 订单开始 | 序号=20/30 | 订单=sales_order_009 | 优先级=20 | 数量=300 | 交期=06-25 00:00
2026-04-13 11:30:09.527 | INFO    | 订单完成 | 订单=sales_order_009 | 结果=planned | 延迟=0.0m | 任务=827 | 合并=22 | 耗时=0.0m
2026-04-13 11:30:09.528 | INFO    | 订单开始 | 序号=21/30 | 订单=sales_order_018 | 优先级=10 | 数量=600 | 交期=06-27 00:00
2026-04-13 11:30:14.902 | INFO    | 订单完成 | 订单=sales_order_018 | 结果=planned | 延迟=0.0m | 任务=934 | 合并=166 | 耗时=0.1m
2026-04-13 11:30:14.902 | INFO    | 订单开始 | 序号=22/30 | 订单=sales_order_029 | 优先级=20 | 数量=900 | 交期=07-01 00:00
2026-04-13 11:30:16.046 | INFO    | 订单完成 | 订单=sales_order_029 | 结果=planned | 延迟=0.0m | 任务=993 | 合并=66 | 耗时=0.0m
2026-04-13 11:30:16.047 | INFO    | 订单开始 | 序号=23/30 | 订单=sales_order_030 | 优先级=10 | 数量=600 | 交期=07-04 00:00
2026-04-13 11:30:17.337 | INFO    | 订单完成 | 订单=sales_order_030 | 结果=planned | 延迟=0.0m | 任务=1050 | 合并=109 | 耗时=0.0m
2026-04-13 11:30:17.337 | INFO    | 订单开始 | 序号=24/30 | 订单=sales_order_023 | 优先级=10 | 数量=900 | 交期=07-07 00:00
2026-04-13 11:30:22.513 | INFO    | 订单完成 | 订单=sales_order_023 | 结果=planned | 延迟=0.0m | 任务=1130 | 合并=160 | 耗时=0.1m
2026-04-13 11:30:22.514 | INFO    | 订单开始 | 序号=25/30 | 订单=sales_order_022 | 优先级=20 | 数量=600 | 交期=07-04 00:00
2026-04-13 11:30:25.555 | INFO    | 订单完成 | 订单=sales_order_022 | 结果=planned | 延迟=0.0m | 任务=1209 | 合并=83 | 耗时=0.1m
2026-04-13 11:30:25.556 | INFO    | 订单开始 | 序号=26/30 | 订单=sales_order_005 | 优先级=10 | 数量=300 | 交期=07-09 00:00
2026-04-13 11:30:25.834 | INFO    | 订单完成 | 订单=sales_order_005 | 结果=planned | 延迟=0.0m | 任务=1250 | 合并=41 | 耗时=0.0m
2026-04-13 11:30:25.834 | INFO    | 订单开始 | 序号=27/30 | 订单=sales_order_004 | 优先级=30 | 数量=600 | 交期=07-03 00:00
2026-04-13 11:30:26.894 | INFO    | 订单完成 | 订单=sales_order_004 | 结果=planned | 延迟=0.0m | 任务=1293 | 合并=45 | 耗时=0.0m
2026-04-13 11:30:26.895 | INFO    | 订单开始 | 序号=28/30 | 订单=sales_order_003 | 优先级=20 | 数量=900 | 交期=07-12 00:00
2026-04-13 11:30:36.380 | INFO    | 订单完成 | 订单=sales_order_003 | 结果=planned | 延迟=0.0m | 任务=1378 | 合并=197 | 耗时=0.2m
2026-04-13 11:30:36.380 | INFO    | 订单开始 | 序号=29/30 | 订单=sales_order_028 | 优先级=20 | 数量=600 | 交期=07-15 00:00
2026-04-13 11:30:37.910 | INFO    | 订单完成 | 订单=sales_order_028 | 结果=planned | 延迟=0.0m | 任务=1425 | 合并=41 | 耗时=0.0m
2026-04-13 11:30:37.911 | INFO    | 订单开始 | 序号=30/30 | 订单=sales_order_019 | 优先级=30 | 数量=600 | 交期=07-15 00:00
2026-04-13 11:30:43.383 | INFO    | 订单完成 | 订单=sales_order_019 | 结果=planned | 延迟=0.0m | 任务=1487 | 合并=107 | 耗时=0.1m
2026-04-13 11:30:43.383 | SUCCESS | 阶段完成 | 2/6 | 名称=solve | 阶段耗时=0.7m | 累计=0.7m | 说明=outcomes=30 tasks=1487
2026-04-13 11:30:43.383 | INFO    | 阶段开始 | 3/6 | 名称=prepare output | 说明=cleanup legacy files
2026-04-13 11:30:43.384 | SUCCESS | 阶段完成 | 3/6 | 名称=prepare output | 阶段耗时=0.0m | 累计=0.7m
2026-04-13 11:30:43.386 | INFO    | 阶段开始 | 4/6 | 名称=post process
2026-04-13 11:30:43.522 | SUCCESS | 阶段完成 | 4/6 | 名称=post process | 阶段耗时=0.0m | 累计=0.7m | 说明=merged_rows=2123 execution_blocks=962
2026-04-13 11:30:43.522 | INFO    | 阶段开始 | 5/6 | 名称=sync db | 说明=write schedule_tasks
2026-04-13 11:30:43.630 | SUCCESS | 阶段完成 | 5/6 | 名称=sync db | 阶段耗时=0.0m | 累计=0.7m | 说明=rows=1487
2026-04-13 11:30:43.631 | INFO    | 阶段开始 | 6/6 | 名称=write html
2026-04-13 11:30:43.631 | SUCCESS | db sync done | rows=1487
2026-04-13 11:30:43.632 | INFO    | execution blocks | merged_rows=2123 | execution_blocks=962
2026-04-13 11:30:44.042 | SUCCESS | 阶段完成 | 6/6 | 名称=write html | 阶段耗时=0.0m | 累计=0.7m
2026-04-13 11:30:44.042 | SUCCESS | schedule done | output=D:\A_sch\reports\schedule | orders=30 | tasks=1487
2026-04-13 11:30:44.042 | SUCCESS | summary | problems=0 | score=85.80 | purchases=28 | failed=0
